<?xml version="1.0" encoding="UTF-8"?>
<!-- Generated by org.testng.reporters.JUnitXMLReporter -->
<testsuite ignored="0" hostname="LAPTOP-L53CQVK8" failures="0" tests="6" name="Sanity" time="0.131" errors="0" timestamp="2024-02-19T20:20:19 IST">
  <testcase classname="TestNg_Basics.Demo" name="Login" time="0.013"/>
  <testcase classname="TestNg_Basics.Demo" name="Create" time="0.007"/>
  <testcase classname="TestNg_Basics.Demo" name="Update" time="0.003"/>
  <testcase classname="TestNg_Basics.Demo" name="Delete" time="0.002"/>
  <testcase classname="TestNg_Basics.Demo" name="LogOut" time="0.003"/>
  <testcase classname="TestNg_Basics.Demo2" name="Revoke" time="0.006"/>
</testsuite> <!-- Sanity -->
